<?xml version="1.0" encoding="UTF-8"?>
<testsuite xmlns:xsi="http://www.w3.org/2001/XMLSchema-instance" xsi:noNamespaceSchemaLocation="https://maven.apache.org/surefire/maven-surefire-plugin/xsd/surefire-test-report-3.0.xsd" version="3.0" name="com.example.runner.CucumberTest" time="123.114" tests="15" errors="0" skipped="0" failures="0">
  <properties>
    <property name="java.specification.version" value="17"/>
    <property name="sun.cpu.isalist" value="amd64"/>
    <property name="sun.jnu.encoding" value="Cp1252"/>
    <property name="java.class.path" value="C:\Users\mayank\Documents\GitHub\rtctek-locator-failures-new\target\test-classes;C:\Users\mayank\Documents\GitHub\rtctek-locator-failures-new\target\classes;C:\Users\mayank\.m2\repository\org\seleniumhq\selenium\selenium-java\4.21.0\selenium-java-4.21.0.jar;C:\Users\mayank\.m2\repository\org\seleniumhq\selenium\selenium-api\4.21.0\selenium-api-4.21.0.jar;C:\Users\mayank\.m2\repository\org\seleniumhq\selenium\selenium-chrome-driver\4.21.0\selenium-chrome-driver-4.21.0.jar;C:\Users\mayank\.m2\repository\com\google\auto\service\auto-service-annotations\1.1.1\auto-service-annotations-1.1.1.jar;C:\Users\mayank\.m2\repository\org\seleniumhq\selenium\selenium-chromium-driver\4.21.0\selenium-chromium-driver-4.21.0.jar;C:\Users\mayank\.m2\repository\org\seleniumhq\selenium\selenium-json\4.21.0\selenium-json-4.21.0.jar;C:\Users\mayank\.m2\repository\org\seleniumhq\selenium\selenium-manager\4.21.0\selenium-manager-4.21.0.jar;C:\Users\mayank\.m2\repository\org\seleniumhq\selenium\selenium-devtools-v123\4.21.0\selenium-devtools-v123-4.21.0.jar;C:\Users\mayank\.m2\repository\org\seleniumhq\selenium\selenium-devtools-v124\4.21.0\selenium-devtools-v124-4.21.0.jar;C:\Users\mayank\.m2\repository\org\seleniumhq\selenium\selenium-devtools-v125\4.21.0\selenium-devtools-v125-4.21.0.jar;C:\Users\mayank\.m2\repository\org\seleniumhq\selenium\selenium-devtools-v85\4.21.0\selenium-devtools-v85-4.21.0.jar;C:\Users\mayank\.m2\repository\org\seleniumhq\selenium\selenium-edge-driver\4.21.0\selenium-edge-driver-4.21.0.jar;C:\Users\mayank\.m2\repository\org\seleniumhq\selenium\selenium-firefox-driver\4.21.0\selenium-firefox-driver-4.21.0.jar;C:\Users\mayank\.m2\repository\org\seleniumhq\selenium\selenium-http\4.21.0\selenium-http-4.21.0.jar;C:\Users\mayank\.m2\repository\dev\failsafe\failsafe\3.3.2\failsafe-3.3.2.jar;C:\Users\mayank\.m2\repository\org\seleniumhq\selenium\selenium-ie-driver\4.21.0\selenium-ie-driver-4.21.0.jar;C:\Users\mayank\.m2\repository\org\seleniumhq\selenium\selenium-remote-driver\4.21.0\selenium-remote-driver-4.21.0.jar;C:\Users\mayank\.m2\repository\com\google\guava\guava\33.2.0-jre\guava-33.2.0-jre.jar;C:\Users\mayank\.m2\repository\com\google\guava\failureaccess\1.0.2\failureaccess-1.0.2.jar;C:\Users\mayank\.m2\repository\com\google\guava\listenablefuture\9999.0-empty-to-avoid-conflict-with-guava\listenablefuture-9999.0-empty-to-avoid-conflict-with-guava.jar;C:\Users\mayank\.m2\repository\com\google\code\findbugs\jsr305\3.0.2\jsr305-3.0.2.jar;C:\Users\mayank\.m2\repository\org\checkerframework\checker-qual\3.42.0\checker-qual-3.42.0.jar;C:\Users\mayank\.m2\repository\com\google\errorprone\error_prone_annotations\2.26.1\error_prone_annotations-2.26.1.jar;C:\Users\mayank\.m2\repository\com\google\j2objc\j2objc-annotations\3.0.0\j2objc-annotations-3.0.0.jar;C:\Users\mayank\.m2\repository\io\opentelemetry\semconv\opentelemetry-semconv\1.25.0-alpha\opentelemetry-semconv-1.25.0-alpha.jar;C:\Users\mayank\.m2\repository\io\opentelemetry\opentelemetry-api\1.38.0\opentelemetry-api-1.38.0.jar;C:\Users\mayank\.m2\repository\io\opentelemetry\opentelemetry-context\1.38.0\opentelemetry-context-1.38.0.jar;C:\Users\mayank\.m2\repository\io\opentelemetry\opentelemetry-exporter-logging\1.38.0\opentelemetry-exporter-logging-1.38.0.jar;C:\Users\mayank\.m2\repository\io\opentelemetry\opentelemetry-sdk-common\1.38.0\opentelemetry-sdk-common-1.38.0.jar;C:\Users\mayank\.m2\repository\io\opentelemetry\opentelemetry-sdk-extension-autoconfigure-spi\1.38.0\opentelemetry-sdk-extension-autoconfigure-spi-1.38.0.jar;C:\Users\mayank\.m2\repository\io\opentelemetry\opentelemetry-sdk-extension-autoconfigure\1.38.0\opentelemetry-sdk-extension-autoconfigure-1.38.0.jar;C:\Users\mayank\.m2\repository\io\opentelemetry\opentelemetry-api-incubator\1.38.0-alpha\opentelemetry-api-incubator-1.38.0-alpha.jar;C:\Users\mayank\.m2\repository\io\opentelemetry\opentelemetry-sdk-trace\1.38.0\opentelemetry-sdk-trace-1.38.0.jar;C:\Users\mayank\.m2\repository\io\opentelemetry\opentelemetry-sdk\1.38.0\opentelemetry-sdk-1.38.0.jar;C:\Users\mayank\.m2\repository\io\opentelemetry\opentelemetry-sdk-metrics\1.38.0\opentelemetry-sdk-metrics-1.38.0.jar;C:\Users\mayank\.m2\repository\io\opentelemetry\opentelemetry-sdk-logs\1.38.0\opentelemetry-sdk-logs-1.38.0.jar;C:\Users\mayank\.m2\repository\net\bytebuddy\byte-buddy\1.14.15\byte-buddy-1.14.15.jar;C:\Users\mayank\.m2\repository\org\seleniumhq\selenium\selenium-os\4.21.0\selenium-os-4.21.0.jar;C:\Users\mayank\.m2\repository\org\apache\commons\commons-exec\1.4.0\commons-exec-1.4.0.jar;C:\Users\mayank\.m2\repository\org\seleniumhq\selenium\selenium-safari-driver\4.21.0\selenium-safari-driver-4.21.0.jar;C:\Users\mayank\.m2\repository\org\seleniumhq\selenium\selenium-support\4.21.0\selenium-support-4.21.0.jar;C:\Users\mayank\.m2\repository\io\cucumber\cucumber-java\7.14.0\cucumber-java-7.14.0.jar;C:\Users\mayank\.m2\repository\io\cucumber\cucumber-core\7.14.0\cucumber-core-7.14.0.jar;C:\Users\mayank\.m2\repository\io\cucumber\cucumber-gherkin\7.14.0\cucumber-gherkin-7.14.0.jar;C:\Users\mayank\.m2\repository\io\cucumber\cucumber-gherkin-messages\7.14.0\cucumber-gherkin-messages-7.14.0.jar;C:\Users\mayank\.m2\repository\io\cucumber\gherkin\26.2.0\gherkin-26.2.0.jar;C:\Users\mayank\.m2\repository\io\cucumber\messages\22.0.0\messages-22.0.0.jar;C:\Users\mayank\.m2\repository\io\cucumber\tag-expressions\5.0.6\tag-expressions-5.0.6.jar;C:\Users\mayank\.m2\repository\io\cucumber\cucumber-expressions\16.1.2\cucumber-expressions-16.1.2.jar;C:\Users\mayank\.m2\repository\io\cucumber\datatable\7.14.0\datatable-7.14.0.jar;C:\Users\mayank\.m2\repository\io\cucumber\cucumber-plugin\7.14.0\cucumber-plugin-7.14.0.jar;C:\Users\mayank\.m2\repository\io\cucumber\docstring\7.14.0\docstring-7.14.0.jar;C:\Users\mayank\.m2\repository\io\cucumber\html-formatter\20.4.0\html-formatter-20.4.0.jar;C:\Users\mayank\.m2\repository\io\cucumber\junit-xml-formatter\0.2.0\junit-xml-formatter-0.2.0.jar;C:\Users\mayank\.m2\repository\io\cucumber\ci-environment\9.2.0\ci-environment-9.2.0.jar;C:\Users\mayank\.m2\repository\org\apiguardian\apiguardian-api\1.1.2\apiguardian-api-1.1.2.jar;C:\Users\mayank\.m2\repository\io\cucumber\cucumber-junit\7.14.0\cucumber-junit-7.14.0.jar;C:\Users\mayank\.m2\repository\junit\junit\4.13.2\junit-4.13.2.jar;C:\Users\mayank\.m2\repository\org\hamcrest\hamcrest-core\1.3\hamcrest-core-1.3.jar;C:\Users\mayank\.m2\repository\com\fasterxml\jackson\core\jackson-databind\2.15.3\jackson-databind-2.15.3.jar;C:\Users\mayank\.m2\repository\com\fasterxml\jackson\core\jackson-annotations\2.15.3\jackson-annotations-2.15.3.jar;C:\Users\mayank\.m2\repository\com\fasterxml\jackson\core\jackson-core\2.15.3\jackson-core-2.15.3.jar;C:\Users\mayank\Documents\GitHub\rtctek-locator-failures-new\lib\rtc-client-2.0.0.jar;"/>
    <property name="java.vm.vendor" value="Oracle Corporation"/>
    <property name="sun.arch.data.model" value="64"/>
    <property name="user.variant" value=""/>
    <property name="java.vendor.url" value="https://java.oracle.com/"/>
    <property name="user.timezone" value="Asia/Calcutta"/>
    <property name="os.name" value="Windows 11"/>
    <property name="java.vm.specification.version" value="17"/>
    <property name="sun.java.launcher" value="SUN_STANDARD"/>
    <property name="user.country" value="IN"/>
    <property name="sun.boot.library.path" value="C:\Program Files\Java\jdk-17\bin"/>
    <property name="sun.java.command" value="C:\Users\mayank\AppData\Local\Temp\surefire14382410566718546788\surefirebooter-20250911155312678_3.jar C:\Users\mayank\AppData\Local\Temp\surefire14382410566718546788 2025-09-11T15-53-12_311-jvmRun1 surefire-20250911155312678_1tmp surefire_0-20250911155312678_2tmp"/>
    <property name="jdk.debug" value="release"/>
    <property name="surefire.test.class.path" value="C:\Users\mayank\Documents\GitHub\rtctek-locator-failures-new\target\test-classes;C:\Users\mayank\Documents\GitHub\rtctek-locator-failures-new\target\classes;C:\Users\mayank\.m2\repository\org\seleniumhq\selenium\selenium-java\4.21.0\selenium-java-4.21.0.jar;C:\Users\mayank\.m2\repository\org\seleniumhq\selenium\selenium-api\4.21.0\selenium-api-4.21.0.jar;C:\Users\mayank\.m2\repository\org\seleniumhq\selenium\selenium-chrome-driver\4.21.0\selenium-chrome-driver-4.21.0.jar;C:\Users\mayank\.m2\repository\com\google\auto\service\auto-service-annotations\1.1.1\auto-service-annotations-1.1.1.jar;C:\Users\mayank\.m2\repository\org\seleniumhq\selenium\selenium-chromium-driver\4.21.0\selenium-chromium-driver-4.21.0.jar;C:\Users\mayank\.m2\repository\org\seleniumhq\selenium\selenium-json\4.21.0\selenium-json-4.21.0.jar;C:\Users\mayank\.m2\repository\org\seleniumhq\selenium\selenium-manager\4.21.0\selenium-manager-4.21.0.jar;C:\Users\mayank\.m2\repository\org\seleniumhq\selenium\selenium-devtools-v123\4.21.0\selenium-devtools-v123-4.21.0.jar;C:\Users\mayank\.m2\repository\org\seleniumhq\selenium\selenium-devtools-v124\4.21.0\selenium-devtools-v124-4.21.0.jar;C:\Users\mayank\.m2\repository\org\seleniumhq\selenium\selenium-devtools-v125\4.21.0\selenium-devtools-v125-4.21.0.jar;C:\Users\mayank\.m2\repository\org\seleniumhq\selenium\selenium-devtools-v85\4.21.0\selenium-devtools-v85-4.21.0.jar;C:\Users\mayank\.m2\repository\org\seleniumhq\selenium\selenium-edge-driver\4.21.0\selenium-edge-driver-4.21.0.jar;C:\Users\mayank\.m2\repository\org\seleniumhq\selenium\selenium-firefox-driver\4.21.0\selenium-firefox-driver-4.21.0.jar;C:\Users\mayank\.m2\repository\org\seleniumhq\selenium\selenium-http\4.21.0\selenium-http-4.21.0.jar;C:\Users\mayank\.m2\repository\dev\failsafe\failsafe\3.3.2\failsafe-3.3.2.jar;C:\Users\mayank\.m2\repository\org\seleniumhq\selenium\selenium-ie-driver\4.21.0\selenium-ie-driver-4.21.0.jar;C:\Users\mayank\.m2\repository\org\seleniumhq\selenium\selenium-remote-driver\4.21.0\selenium-remote-driver-4.21.0.jar;C:\Users\mayank\.m2\repository\com\google\guava\guava\33.2.0-jre\guava-33.2.0-jre.jar;C:\Users\mayank\.m2\repository\com\google\guava\failureaccess\1.0.2\failureaccess-1.0.2.jar;C:\Users\mayank\.m2\repository\com\google\guava\listenablefuture\9999.0-empty-to-avoid-conflict-with-guava\listenablefuture-9999.0-empty-to-avoid-conflict-with-guava.jar;C:\Users\mayank\.m2\repository\com\google\code\findbugs\jsr305\3.0.2\jsr305-3.0.2.jar;C:\Users\mayank\.m2\repository\org\checkerframework\checker-qual\3.42.0\checker-qual-3.42.0.jar;C:\Users\mayank\.m2\repository\com\google\errorprone\error_prone_annotations\2.26.1\error_prone_annotations-2.26.1.jar;C:\Users\mayank\.m2\repository\com\google\j2objc\j2objc-annotations\3.0.0\j2objc-annotations-3.0.0.jar;C:\Users\mayank\.m2\repository\io\opentelemetry\semconv\opentelemetry-semconv\1.25.0-alpha\opentelemetry-semconv-1.25.0-alpha.jar;C:\Users\mayank\.m2\repository\io\opentelemetry\opentelemetry-api\1.38.0\opentelemetry-api-1.38.0.jar;C:\Users\mayank\.m2\repository\io\opentelemetry\opentelemetry-context\1.38.0\opentelemetry-context-1.38.0.jar;C:\Users\mayank\.m2\repository\io\opentelemetry\opentelemetry-exporter-logging\1.38.0\opentelemetry-exporter-logging-1.38.0.jar;C:\Users\mayank\.m2\repository\io\opentelemetry\opentelemetry-sdk-common\1.38.0\opentelemetry-sdk-common-1.38.0.jar;C:\Users\mayank\.m2\repository\io\opentelemetry\opentelemetry-sdk-extension-autoconfigure-spi\1.38.0\opentelemetry-sdk-extension-autoconfigure-spi-1.38.0.jar;C:\Users\mayank\.m2\repository\io\opentelemetry\opentelemetry-sdk-extension-autoconfigure\1.38.0\opentelemetry-sdk-extension-autoconfigure-1.38.0.jar;C:\Users\mayank\.m2\repository\io\opentelemetry\opentelemetry-api-incubator\1.38.0-alpha\opentelemetry-api-incubator-1.38.0-alpha.jar;C:\Users\mayank\.m2\repository\io\opentelemetry\opentelemetry-sdk-trace\1.38.0\opentelemetry-sdk-trace-1.38.0.jar;C:\Users\mayank\.m2\repository\io\opentelemetry\opentelemetry-sdk\1.38.0\opentelemetry-sdk-1.38.0.jar;C:\Users\mayank\.m2\repository\io\opentelemetry\opentelemetry-sdk-metrics\1.38.0\opentelemetry-sdk-metrics-1.38.0.jar;C:\Users\mayank\.m2\repository\io\opentelemetry\opentelemetry-sdk-logs\1.38.0\opentelemetry-sdk-logs-1.38.0.jar;C:\Users\mayank\.m2\repository\net\bytebuddy\byte-buddy\1.14.15\byte-buddy-1.14.15.jar;C:\Users\mayank\.m2\repository\org\seleniumhq\selenium\selenium-os\4.21.0\selenium-os-4.21.0.jar;C:\Users\mayank\.m2\repository\org\apache\commons\commons-exec\1.4.0\commons-exec-1.4.0.jar;C:\Users\mayank\.m2\repository\org\seleniumhq\selenium\selenium-safari-driver\4.21.0\selenium-safari-driver-4.21.0.jar;C:\Users\mayank\.m2\repository\org\seleniumhq\selenium\selenium-support\4.21.0\selenium-support-4.21.0.jar;C:\Users\mayank\.m2\repository\io\cucumber\cucumber-java\7.14.0\cucumber-java-7.14.0.jar;C:\Users\mayank\.m2\repository\io\cucumber\cucumber-core\7.14.0\cucumber-core-7.14.0.jar;C:\Users\mayank\.m2\repository\io\cucumber\cucumber-gherkin\7.14.0\cucumber-gherkin-7.14.0.jar;C:\Users\mayank\.m2\repository\io\cucumber\cucumber-gherkin-messages\7.14.0\cucumber-gherkin-messages-7.14.0.jar;C:\Users\mayank\.m2\repository\io\cucumber\gherkin\26.2.0\gherkin-26.2.0.jar;C:\Users\mayank\.m2\repository\io\cucumber\messages\22.0.0\messages-22.0.0.jar;C:\Users\mayank\.m2\repository\io\cucumber\tag-expressions\5.0.6\tag-expressions-5.0.6.jar;C:\Users\mayank\.m2\repository\io\cucumber\cucumber-expressions\16.1.2\cucumber-expressions-16.1.2.jar;C:\Users\mayank\.m2\repository\io\cucumber\datatable\7.14.0\datatable-7.14.0.jar;C:\Users\mayank\.m2\repository\io\cucumber\cucumber-plugin\7.14.0\cucumber-plugin-7.14.0.jar;C:\Users\mayank\.m2\repository\io\cucumber\docstring\7.14.0\docstring-7.14.0.jar;C:\Users\mayank\.m2\repository\io\cucumber\html-formatter\20.4.0\html-formatter-20.4.0.jar;C:\Users\mayank\.m2\repository\io\cucumber\junit-xml-formatter\0.2.0\junit-xml-formatter-0.2.0.jar;C:\Users\mayank\.m2\repository\io\cucumber\ci-environment\9.2.0\ci-environment-9.2.0.jar;C:\Users\mayank\.m2\repository\org\apiguardian\apiguardian-api\1.1.2\apiguardian-api-1.1.2.jar;C:\Users\mayank\.m2\repository\io\cucumber\cucumber-junit\7.14.0\cucumber-junit-7.14.0.jar;C:\Users\mayank\.m2\repository\junit\junit\4.13.2\junit-4.13.2.jar;C:\Users\mayank\.m2\repository\org\hamcrest\hamcrest-core\1.3\hamcrest-core-1.3.jar;C:\Users\mayank\.m2\repository\com\fasterxml\jackson\core\jackson-databind\2.15.3\jackson-databind-2.15.3.jar;C:\Users\mayank\.m2\repository\com\fasterxml\jackson\core\jackson-annotations\2.15.3\jackson-annotations-2.15.3.jar;C:\Users\mayank\.m2\repository\com\fasterxml\jackson\core\jackson-core\2.15.3\jackson-core-2.15.3.jar;C:\Users\mayank\Documents\GitHub\rtctek-locator-failures-new\lib\rtc-client-2.0.0.jar;"/>
    <property name="sun.cpu.endian" value="little"/>
    <property name="user.home" value="C:\Users\mayank"/>
    <property name="user.language" value="en"/>
    <property name="java.specification.vendor" value="Oracle Corporation"/>
    <property name="java.version.date" value="2024-07-16"/>
    <property name="java.home" value="C:\Program Files\Java\jdk-17"/>
    <property name="file.separator" value="\"/>
    <property name="basedir" value="C:\Users\mayank\Documents\GitHub\rtctek-locator-failures-new"/>
    <property name="java.vm.compressedOopsMode" value="Zero based"/>
    <property name="line.separator" value="&#10;"/>
    <property name="java.vm.specification.vendor" value="Oracle Corporation"/>
    <property name="java.specification.name" value="Java Platform API Specification"/>
    <property name="surefire.real.class.path" value="C:\Users\mayank\AppData\Local\Temp\surefire14382410566718546788\surefirebooter-20250911155312678_3.jar"/>
    <property name="user.script" value=""/>
    <property name="sun.management.compiler" value="HotSpot 64-Bit Tiered Compilers"/>
    <property name="java.runtime.version" value="17.0.12+8-LTS-286"/>
    <property name="user.name" value="mayank"/>
    <property name="path.separator" value=";"/>
    <property name="os.version" value="10.0"/>
    <property name="java.runtime.name" value="Java(TM) SE Runtime Environment"/>
    <property name="file.encoding" value="Cp1252"/>
    <property name="java.vm.name" value="Java HotSpot(TM) 64-Bit Server VM"/>
    <property name="localRepository" value="C:\Users\mayank\.m2\repository"/>
    <property name="java.vendor.url.bug" value="https://bugreport.java.com/bugreport/"/>
    <property name="java.io.tmpdir" value="C:\Users\mayank\AppData\Local\Temp\"/>
    <property name="java.version" value="17.0.12"/>
    <property name="cucumber.filter.tags" value="@rtctek"/>
    <property name="user.dir" value="C:\Users\mayank\Documents\GitHub\rtctek-locator-failures-new"/>
    <property name="os.arch" value="amd64"/>
    <property name="java.vm.specification.name" value="Java Virtual Machine Specification"/>
    <property name="sun.os.patch.level" value=""/>
    <property name="native.encoding" value="Cp1252"/>
    <property name="java.library.path" value="C:\Program Files\Java\jdk-17\bin;C:\Windows\Sun\Java\bin;C:\Windows\system32;C:\Windows;C:\Program Files\Common Files\Oracle\Java\javapath;C:\Windows\system32;C:\Windows;C:\Windows\System32\Wbem;C:\Windows\System32\WindowsPowerShell\v1.0\;C:\Windows\System32\OpenSSH\;C:\Program Files\dotnet\;C:\Program Files\nodejs\;C:\Program Files\Java\jdk-17\bin;C:\Users\mayank\Downloads\apache-maven-3.9.11-bin\apache-maven-3.9.11\bin;C:\Users\mayank\AppData\Local\Programs\Python\Python313\Scripts\;C:\Users\mayank\AppData\Local\Programs\Python\Python313\;C:\Users\mayank\AppData\Local\Microsoft\WindowsApps;C:\Users\mayank\AppData\Local\Programs\cursor\resources\app\bin;C:\Users\mayank\AppData\Roaming\npm;C:\Users\mayank\AppData\Local\Programs\Git\cmd;C:\Users\mayank\AppData\Local\GitHubDesktop\bin;."/>
    <property name="java.vm.info" value="mixed mode, sharing"/>
    <property name="java.vendor" value="Oracle Corporation"/>
    <property name="java.vm.version" value="17.0.12+8-LTS-286"/>
    <property name="sun.io.unicode.encoding" value="UnicodeLittle"/>
    <property name="java.class.version" value="61.0"/>
  </properties>
  <testcase name="Broken ID locator" classname="RTCtek - Demonstrate failing locators across strategies" time="16.1">
    <system-out><![CDATA[
@rtctek @bad_id
Scenario: Broken ID locator                               # src/test/resources/features/rtctek_locators.feature:12
✅ RTC configuration loaded successfully
🔧 Creating WebDriver - Browser: chrome, Grid: false, Headless: true
✅ RTC Smart Driver HTTP integration initialized
🔧 RTC WebDriver wrapper initialized with automatic healing
  Given I open the RTCtek homepage                        # com.example.steps.LocatorSteps.i_open_the_rtctek_homepage()
  Given I open the RTCtek homepage                        # com.example.steps.LocatorSteps.i_open_the_rtctek_homepage()
🔧 Locator failed, attempting RTC healing: By.id: menu-main-men
✅ Locator healed: By.id: menu-main-men → //ul[@id="menu-main-menu"]
✅ Successfully located: id = menu-main-men
🔧 Element found: ul
  When I try to locate by "id" with value "menu-main-men" # com.example.steps.LocatorSteps.i_try_to_locate_by_with_value(java.lang.String,java.lang.String)
✅ Test completed - RTC healing succeeded, locator was healed
  Then the step should fail due to locator issue          # com.example.steps.LocatorSteps.the_step_should_fail_due_to_locator_issue()
🔧 Browser closed after test scenario
]]></system-out>
    <system-err><![CDATA[Sep 11, 2025 3:53:21 PM org.openqa.selenium.devtools.CdpVersionFinder findNearestMatch
WARNING: Unable to find CDP implementation matching 140
Sep 11, 2025 3:53:21 PM org.openqa.selenium.chromium.ChromiumDriver lambda$new$5
WARNING: Unable to find version of CDP to use for 140.0.7339.81. You may need to include a dependency on a specific version of the CDP using something similar to `org.seleniumhq.selenium:selenium-devtools-v86:4.21.0` where the version ("v86") matches the version of the chromium-based browser you're using and the version number of the artifact is the same as Selenium's.
]]></system-err>
  </testcase>
  <testcase name="Broken NAME locator" classname="RTCtek - Demonstrate failing locators across strategies" time="5.728">
    <system-out><![CDATA[
@rtctek @bad_name
Scenario: Broken NAME locator                    # src/test/resources/features/rtctek_locators.feature:18
🔧 Creating WebDriver - Browser: chrome, Grid: false, Headless: true
🔧 RTC WebDriver wrapper initialized with automatic healing
  Given I open the RTCtek homepage               # com.example.steps.LocatorSteps.i_open_the_rtctek_homepage()
✅ Successfully located: name = s
🔧 Element found: input
  When I try to locate by "name" with value "s"  # com.example.steps.LocatorSteps.i_try_to_locate_by_with_value(java.lang.String,java.lang.String)
✅ Test completed - RTC healing succeeded, locator was healed
  Then the step should fail due to locator issue # com.example.steps.LocatorSteps.the_step_should_fail_due_to_locator_issue()
🔧 Browser closed after test scenario
]]></system-out>
    <system-err><![CDATA[Sep 11, 2025 3:53:34 PM org.openqa.selenium.devtools.CdpVersionFinder findNearestMatch
WARNING: Unable to find CDP implementation matching 140
Sep 11, 2025 3:53:34 PM org.openqa.selenium.chromium.ChromiumDriver lambda$new$5
WARNING: Unable to find version of CDP to use for 140.0.7339.81. You may need to include a dependency on a specific version of the CDP using something similar to `org.seleniumhq.selenium:selenium-devtools-v86:4.21.0` where the version ("v86") matches the version of the chromium-based browser you're using and the version number of the artifact is the same as Selenium's.
]]></system-err>
  </testcase>
  <testcase name="Broken CLASSNAME locator" classname="RTCtek - Demonstrate failing locators across strategies" time="14.064">
    <system-out><![CDATA[
@rtctek @bad_classname
Scenario: Broken CLASSNAME locator                                       # src/test/resources/features/rtctek_locators.feature:23
🔧 Creating WebDriver - Browser: chrome, Grid: false, Headless: true
🔧 RTC WebDriver wrapper initialized with automatic healing
  Given I open the RTCtek homepage                                       # com.example.steps.LocatorSteps.i_open_the_rtctek_homepage()
  Given I open the RTCtek homepage                                       # com.example.steps.LocatorSteps.i_open_the_rtctek_homepage()
🔧 Locator failed, attempting RTC healing: By.className: elementor-heading-tit
✅ Locator healed: By.className: elementor-heading-tit → .elementor-heading-tit
  When I try to locate by "className" with value "elementor-heading-tit" # com.example.steps.LocatorSteps.i_try_to_locate_by_with_value(java.lang.String,java.lang.String)
✅ Test completed - Locator failed as expected (no healing)
  Then the step should fail due to locator issue                         # com.example.steps.LocatorSteps.the_step_should_fail_due_to_locator_issue()
🔧 Browser closed after test scenario
]]></system-out>
    <system-err><![CDATA[Sep 11, 2025 3:53:39 PM org.openqa.selenium.devtools.CdpVersionFinder findNearestMatch
WARNING: Unable to find CDP implementation matching 140
Sep 11, 2025 3:53:39 PM org.openqa.selenium.chromium.ChromiumDriver lambda$new$5
WARNING: Unable to find version of CDP to use for 140.0.7339.81. You may need to include a dependency on a specific version of the CDP using something similar to `org.seleniumhq.selenium:selenium-devtools-v86:4.21.0` where the version ("v86") matches the version of the chromium-based browser you're using and the version number of the artifact is the same as Selenium's.
❌ RTC healing failed: no such element: Unable to locate element: {"method":"css selector","selector":".elementor-heading-tit"}
  (Session info: chrome=140.0.7339.81)
For documentation on this error, please visit: https://www.selenium.dev/documentation/webdriver/troubleshooting/errors#no-such-element-exception
Build info: version: '4.21.0', revision: '79ed462ef4'
System info: os.name: 'Windows 11', os.arch: 'amd64', os.version: '10.0', java.version: '17.0.12'
Driver info: org.openqa.selenium.chrome.ChromeDriver
Command: [c880d10535c280d86333b71843463947, findElement {value=.elementor-heading-tit, using=css selector}]
Capabilities {acceptInsecureCerts: false, browserName: chrome, browserVersion: 140.0.7339.81, chrome: {chromedriverVersion: 140.0.7339.82 (bc93617e21c3..., userDataDir: C:\Users\mayank\AppData\Loc...}, fedcm:accounts: true, goog:chromeOptions: {debuggerAddress: localhost:49311}, networkConnectionEnabled: false, pageLoadStrategy: normal, platformName: windows, proxy: Proxy(), se:cdp: ws://localhost:49311/devtoo..., se:cdpVersion: 140.0.7339.81, setWindowRect: true, strictFileInteractability: false, timeouts: {implicit: 0, pageLoad: 300000, script: 30000}, unhandledPromptBehavior: dismiss and notify, webauthn:extension:credBlob: true, webauthn:extension:largeBlob: true, webauthn:extension:minPinLength: true, webauthn:extension:prf: true, webauthn:virtualAuthenticators: true}
Session ID: c880d10535c280d86333b71843463947
❌ Locator failed even after RTC healing: className = elementor-heading-tit
❌ Error: no such element: Unable to locate element: {"method":"css selector","selector":".elementor\-heading\-tit"}
  (Session info: chrome=140.0.7339.81)
For documentation on this error, please visit: https://www.selenium.dev/documentation/webdriver/troubleshooting/errors#no-such-element-exception
Build info: version: '4.21.0', revision: '79ed462ef4'
System info: os.name: 'Windows 11', os.arch: 'amd64', os.version: '10.0', java.version: '17.0.12'
Driver info: org.openqa.selenium.chrome.ChromeDriver
Command: [c880d10535c280d86333b71843463947, findElement {value=elementor-heading-tit, using=class name}]
Capabilities {acceptInsecureCerts: false, browserName: chrome, browserVersion: 140.0.7339.81, chrome: {chromedriverVersion: 140.0.7339.82 (bc93617e21c3..., userDataDir: C:\Users\mayank\AppData\Loc...}, fedcm:accounts: true, goog:chromeOptions: {debuggerAddress: localhost:49311}, networkConnectionEnabled: false, pageLoadStrategy: normal, platformName: windows, proxy: Proxy(), se:cdp: ws://localhost:49311/devtoo..., se:cdpVersion: 140.0.7339.81, setWindowRect: true, strictFileInteractability: false, timeouts: {implicit: 0, pageLoad: 300000, script: 30000}, unhandledPromptBehavior: dismiss and notify, webauthn:extension:credBlob: true, webauthn:extension:largeBlob: true, webauthn:extension:minPinLength: true, webauthn:extension:prf: true, webauthn:virtualAuthenticators: true}
Session ID: c880d10535c280d86333b71843463947
]]></system-err>
  </testcase>
  <testcase name="Broken CSS locator - attribute" classname="RTCtek - Demonstrate failing locators across strategies" time="6.006">
    <system-out><![CDATA[
@rtctek @bad_css_1
Scenario: Broken CSS locator - attribute                         # src/test/resources/features/rtctek_locators.feature:29
🔧 Creating WebDriver - Browser: chrome, Grid: false, Headless: true
🔧 RTC WebDriver wrapper initialized with automatic healing
  Given I open the RTCtek homepage                               # com.example.steps.LocatorSteps.i_open_the_rtctek_homepage()
✅ Successfully located: css = a[href*='linkedin']
🔧 Element found: a
  When I try to locate by "css" with value "a[href*='linkedin']" # com.example.steps.LocatorSteps.i_try_to_locate_by_with_value(java.lang.String,java.lang.String)
✅ Test completed - RTC healing succeeded, locator was healed
  Then the step should fail due to locator issue                 # com.example.steps.LocatorSteps.the_step_should_fail_due_to_locator_issue()
🔧 Browser closed after test scenario
]]></system-out>
    <system-err><![CDATA[Sep 11, 2025 3:53:53 PM org.openqa.selenium.devtools.CdpVersionFinder findNearestMatch
WARNING: Unable to find CDP implementation matching 140
Sep 11, 2025 3:53:53 PM org.openqa.selenium.chromium.ChromiumDriver lambda$new$5
WARNING: Unable to find version of CDP to use for 140.0.7339.81. You may need to include a dependency on a specific version of the CDP using something similar to `org.seleniumhq.selenium:selenium-devtools-v86:4.21.0` where the version ("v86") matches the version of the chromium-based browser you're using and the version number of the artifact is the same as Selenium's.
]]></system-err>
  </testcase>
  <testcase name="Broken CSS locator - nth-child" classname="RTCtek - Demonstrate failing locators across strategies" time="5.909">
    <system-out><![CDATA[
@rtctek @bad_css_2
Scenario: Broken CSS locator - nth-child                                         # src/test/resources/features/rtctek_locators.feature:34
🔧 Creating WebDriver - Browser: chrome, Grid: false, Headless: true
🔧 RTC WebDriver wrapper initialized with automatic healing
  Given I open the RTCtek homepage                                               # com.example.steps.LocatorSteps.i_open_the_rtctek_homepage()
✅ Successfully located: css = ul#menu-main-menu li:nth-child(2) a
🔧 Element found: a
  When I try to locate by "css" with value "ul#menu-main-menu li:nth-child(2) a" # com.example.steps.LocatorSteps.i_try_to_locate_by_with_value(java.lang.String,java.lang.String)
✅ Test completed - RTC healing succeeded, locator was healed
  Then the step should fail due to locator issue                                 # com.example.steps.LocatorSteps.the_step_should_fail_due_to_locator_issue()
🔧 Browser closed after test scenario
]]></system-out>
    <system-err><![CDATA[Sep 11, 2025 3:53:59 PM org.openqa.selenium.devtools.CdpVersionFinder findNearestMatch
WARNING: Unable to find CDP implementation matching 140
Sep 11, 2025 3:53:59 PM org.openqa.selenium.chromium.ChromiumDriver lambda$new$5
WARNING: Unable to find version of CDP to use for 140.0.7339.81. You may need to include a dependency on a specific version of the CDP using something similar to `org.seleniumhq.selenium:selenium-devtools-v86:4.21.0` where the version ("v86") matches the version of the chromium-based browser you're using and the version number of the artifact is the same as Selenium's.
]]></system-err>
  </testcase>
  <testcase name="Broken XPATH - wrong id" classname="RTCtek - Demonstrate failing locators across strategies" time="12.525">
    <system-out><![CDATA[
@rtctek @bad_xpath_1
Scenario: Broken XPATH - wrong id                                          # src/test/resources/features/rtctek_locators.feature:39
🔧 Creating WebDriver - Browser: chrome, Grid: false, Headless: true
🔧 RTC WebDriver wrapper initialized with automatic healing
  Given I open the RTCtek homepage                                         # com.example.steps.LocatorSteps.i_open_the_rtctek_homepage()
🔧 Locator failed, attempting RTC healing: By.xpath: //*[@id='menu-item-4711']/a
✅ Locator healed: By.xpath: //*[@id='menu-item-4711']/a → //a[text()='Services']
✅ Successfully located: xpath = //*[@id='menu-item-4711']/a
🔧 Element found: a
  When I try to locate by "xpath" with value "//*[@id='menu-item-4711']/a" # com.example.steps.LocatorSteps.i_try_to_locate_by_with_value(java.lang.String,java.lang.String)
✅ Test completed - RTC healing succeeded, locator was healed
  Then the step should fail due to locator issue                           # com.example.steps.LocatorSteps.the_step_should_fail_due_to_locator_issue()
🔧 Browser closed after test scenario
]]></system-out>
    <system-err><![CDATA[Sep 11, 2025 3:54:06 PM org.openqa.selenium.devtools.CdpVersionFinder findNearestMatch
WARNING: Unable to find CDP implementation matching 140
Sep 11, 2025 3:54:06 PM org.openqa.selenium.chromium.ChromiumDriver lambda$new$5
WARNING: Unable to find version of CDP to use for 140.0.7339.81. You may need to include a dependency on a specific version of the CDP using something similar to `org.seleniumhq.selenium:selenium-devtools-v86:4.21.0` where the version ("v86") matches the version of the chromium-based browser you're using and the version number of the artifact is the same as Selenium's.
]]></system-err>
  </testcase>
  <testcase name="Broken XPATH - brittle index" classname="RTCtek - Demonstrate failing locators across strategies" time="5.531">
    <system-out><![CDATA[
@rtctek @bad_xpath_2
Scenario: Broken XPATH - brittle index                                                  # src/test/resources/features/rtctek_locators.feature:44
🔧 Creating WebDriver - Browser: chrome, Grid: false, Headless: true
🔧 RTC WebDriver wrapper initialized with automatic healing
  Given I open the RTCtek homepage                                                      # com.example.steps.LocatorSteps.i_open_the_rtctek_homepage()
✅ Successfully located: xpath = (//a[contains(@href,'linkedin.com')])[1]
🔧 Element found: a
  When I try to locate by "xpath" with value "(//a[contains(@href,'linkedin.com')])[1]" # com.example.steps.LocatorSteps.i_try_to_locate_by_with_value(java.lang.String,java.lang.String)
✅ Test completed - RTC healing succeeded, locator was healed
  Then the step should fail due to locator issue                                        # com.example.steps.LocatorSteps.the_step_should_fail_due_to_locator_issue()
🔧 Browser closed after test scenario
]]></system-out>
    <system-err><![CDATA[Sep 11, 2025 3:54:18 PM org.openqa.selenium.devtools.CdpVersionFinder findNearestMatch
WARNING: Unable to find CDP implementation matching 140
Sep 11, 2025 3:54:18 PM org.openqa.selenium.chromium.ChromiumDriver lambda$new$5
WARNING: Unable to find version of CDP to use for 140.0.7339.81. You may need to include a dependency on a specific version of the CDP using something similar to `org.seleniumhq.selenium:selenium-devtools-v86:4.21.0` where the version ("v86") matches the version of the chromium-based browser you're using and the version number of the artifact is the same as Selenium's.
]]></system-err>
  </testcase>
  <testcase name="Broken LINKTEXT locator" classname="RTCtek - Demonstrate failing locators across strategies" time="16.43">
    <system-out><![CDATA[
@rtctek @bad_linktext
Scenario: Broken LINKTEXT locator                        # src/test/resources/features/rtctek_locators.feature:49
🔧 Creating WebDriver - Browser: chrome, Grid: false, Headless: true
🔧 RTC WebDriver wrapper initialized with automatic healing
  Given I open the RTCtek homepage                       # com.example.steps.LocatorSteps.i_open_the_rtctek_homepage()
  Given I open the RTCtek homepage                       # com.example.steps.LocatorSteps.i_open_the_rtctek_homepage()
🔧 Locator failed, attempting RTC healing: By.linkText: Contac
✅ Locator healed: By.linkText: Contac → linktext:Contact Us

✅ Successfully located: linkText = Contac
🔧 Element found: a
  When I try to locate by "linkText" with value "Contac" # com.example.steps.LocatorSteps.i_try_to_locate_by_with_value(java.lang.String,java.lang.String)
✅ Test completed - RTC healing succeeded, locator was healed
  Then the step should fail due to locator issue         # com.example.steps.LocatorSteps.the_step_should_fail_due_to_locator_issue()
🔧 Browser closed after test scenario
]]></system-out>
    <system-err><![CDATA[Sep 11, 2025 3:54:23 PM org.openqa.selenium.devtools.CdpVersionFinder findNearestMatch
WARNING: Unable to find CDP implementation matching 140
Sep 11, 2025 3:54:23 PM org.openqa.selenium.chromium.ChromiumDriver lambda$new$5
WARNING: Unable to find version of CDP to use for 140.0.7339.81. You may need to include a dependency on a specific version of the CDP using something similar to `org.seleniumhq.selenium:selenium-devtools-v86:4.21.0` where the version ("v86") matches the version of the chromium-based browser you're using and the version number of the artifact is the same as Selenium's.
]]></system-err>
  </testcase>
  <testcase name="Broken PARTIALLINKTEXT locator" classname="RTCtek - Demonstrate failing locators across strategies" time="5.763">
    <system-out><![CDATA[
@rtctek @bad_partiallinktext
Scenario: Broken PARTIALLINKTEXT locator                         # src/test/resources/features/rtctek_locators.feature:55
🔧 Creating WebDriver - Browser: chrome, Grid: false, Headless: true
🔧 RTC WebDriver wrapper initialized with automatic healing
  Given I open the RTCtek homepage                               # com.example.steps.LocatorSteps.i_open_the_rtctek_homepage()
✅ Successfully located: partialLinkText = Contact
🔧 Element found: a
  When I try to locate by "partialLinkText" with value "Contact" # com.example.steps.LocatorSteps.i_try_to_locate_by_with_value(java.lang.String,java.lang.String)
✅ Test completed - RTC healing succeeded, locator was healed
  Then the step should fail due to locator issue                 # com.example.steps.LocatorSteps.the_step_should_fail_due_to_locator_issue()
🔧 Browser closed after test scenario
]]></system-out>
    <system-err><![CDATA[Sep 11, 2025 3:54:39 PM org.openqa.selenium.devtools.CdpVersionFinder findNearestMatch
WARNING: Unable to find CDP implementation matching 140
Sep 11, 2025 3:54:39 PM org.openqa.selenium.chromium.ChromiumDriver lambda$new$5
WARNING: Unable to find version of CDP to use for 140.0.7339.81. You may need to include a dependency on a specific version of the CDP using something similar to `org.seleniumhq.selenium:selenium-devtools-v86:4.21.0` where the version ("v86") matches the version of the chromium-based browser you're using and the version number of the artifact is the same as Selenium's.
]]></system-err>
  </testcase>
  <testcase name="Broken TAGNAME locator" classname="RTCtek - Demonstrate failing locators across strategies" time="5.028">
    <system-out><![CDATA[
@rtctek @bad_tagname
Scenario: Broken TAGNAME locator                        # src/test/resources/features/rtctek_locators.feature:60
🔧 Creating WebDriver - Browser: chrome, Grid: false, Headless: true
🔧 RTC WebDriver wrapper initialized with automatic healing
  Given I open the RTCtek homepage                      # com.example.steps.LocatorSteps.i_open_the_rtctek_homepage()
✅ Successfully located: tagName = header
🔧 Element found: header
  When I try to locate by "tagName" with value "header" # com.example.steps.LocatorSteps.i_try_to_locate_by_with_value(java.lang.String,java.lang.String)
✅ Test completed - RTC healing succeeded, locator was healed
  Then the step should fail due to locator issue        # com.example.steps.LocatorSteps.the_step_should_fail_due_to_locator_issue()
🔧 Browser closed after test scenario
]]></system-out>
    <system-err><![CDATA[Sep 11, 2025 3:54:45 PM org.openqa.selenium.devtools.CdpVersionFinder findNearestMatch
WARNING: Unable to find CDP implementation matching 140
Sep 11, 2025 3:54:45 PM org.openqa.selenium.chromium.ChromiumDriver lambda$new$5
WARNING: Unable to find version of CDP to use for 140.0.7339.81. You may need to include a dependency on a specific version of the CDP using something similar to `org.seleniumhq.selenium:selenium-devtools-v86:4.21.0` where the version ("v86") matches the version of the chromium-based browser you're using and the version number of the artifact is the same as Selenium's.
]]></system-err>
  </testcase>
  <testcase name="Valid ID locator" classname="RTCtek - Demonstrate failing locators across strategies" time="4.968">
    <system-out><![CDATA[
@rtctek @good_id
Scenario: Valid ID locator                                 # src/test/resources/features/rtctek_locators.feature:65
🔧 Creating WebDriver - Browser: chrome, Grid: false, Headless: true
🔧 RTC WebDriver wrapper initialized with automatic healing
  Given I open the RTCtek homepage                         # com.example.steps.LocatorSteps.i_open_the_rtctek_homepage()
✅ Successfully located: id = menu-main-menu
🔧 Element found: ul
  When I try to locate by "id" with value "menu-main-menu" # com.example.steps.LocatorSteps.i_try_to_locate_by_with_value(java.lang.String,java.lang.String)
  Then the element should be found successfully            # com.example.steps.LocatorSteps.the_element_should_be_found_successfully()
🔧 Browser closed after test scenario
]]></system-out>
    <system-err><![CDATA[Sep 11, 2025 3:54:50 PM org.openqa.selenium.devtools.CdpVersionFinder findNearestMatch
WARNING: Unable to find CDP implementation matching 140
Sep 11, 2025 3:54:50 PM org.openqa.selenium.chromium.ChromiumDriver lambda$new$5
WARNING: Unable to find version of CDP to use for 140.0.7339.81. You may need to include a dependency on a specific version of the CDP using something similar to `org.seleniumhq.selenium:selenium-devtools-v86:4.21.0` where the version ("v86") matches the version of the chromium-based browser you're using and the version number of the artifact is the same as Selenium's.
]]></system-err>
  </testcase>
  <testcase name="Valid CLASSNAME locator" classname="RTCtek - Demonstrate failing locators across strategies" time="5.523">
    <system-out><![CDATA[
@rtctek @good_classname
Scenario: Valid CLASSNAME locator                                          # src/test/resources/features/rtctek_locators.feature:70
🔧 Creating WebDriver - Browser: chrome, Grid: false, Headless: true
🔧 RTC WebDriver wrapper initialized with automatic healing
  Given I open the RTCtek homepage                                         # com.example.steps.LocatorSteps.i_open_the_rtctek_homepage()
✅ Successfully located: className = elementor-heading-title
🔧 Element found: h2
  When I try to locate by "className" with value "elementor-heading-title" # com.example.steps.LocatorSteps.i_try_to_locate_by_with_value(java.lang.String,java.lang.String)
  Then the element should be found successfully                            # com.example.steps.LocatorSteps.the_element_should_be_found_successfully()
🔧 Browser closed after test scenario
]]></system-out>
    <system-err><![CDATA[Sep 11, 2025 3:54:56 PM org.openqa.selenium.devtools.CdpVersionFinder findNearestMatch
WARNING: Unable to find CDP implementation matching 140
Sep 11, 2025 3:54:56 PM org.openqa.selenium.chromium.ChromiumDriver lambda$new$5
WARNING: Unable to find version of CDP to use for 140.0.7339.81. You may need to include a dependency on a specific version of the CDP using something similar to `org.seleniumhq.selenium:selenium-devtools-v86:4.21.0` where the version ("v86") matches the version of the chromium-based browser you're using and the version number of the artifact is the same as Selenium's.
]]></system-err>
  </testcase>
  <testcase name="Valid CSS locator" classname="RTCtek - Demonstrate failing locators across strategies" time="6.677">
    <system-out><![CDATA[
@rtctek @good_css
Scenario: Valid CSS locator                                      # src/test/resources/features/rtctek_locators.feature:75
🔧 Creating WebDriver - Browser: chrome, Grid: false, Headless: true
🔧 RTC WebDriver wrapper initialized with automatic healing
  Given I open the RTCtek homepage                               # com.example.steps.LocatorSteps.i_open_the_rtctek_homepage()
  Given I open the RTCtek homepage                               # com.example.steps.LocatorSteps.i_open_the_rtctek_homepage()
✅ Successfully located: css = a[href*='linkedin']
🔧 Element found: a
  When I try to locate by "css" with value "a[href*='linkedin']" # com.example.steps.LocatorSteps.i_try_to_locate_by_with_value(java.lang.String,java.lang.String)
  Then the element should be found successfully                  # com.example.steps.LocatorSteps.the_element_should_be_found_successfully()
🔧 Browser closed after test scenario
]]></system-out>
    <system-err><![CDATA[Sep 11, 2025 3:55:01 PM org.openqa.selenium.devtools.CdpVersionFinder findNearestMatch
WARNING: Unable to find CDP implementation matching 140
Sep 11, 2025 3:55:01 PM org.openqa.selenium.chromium.ChromiumDriver lambda$new$5
WARNING: Unable to find version of CDP to use for 140.0.7339.81. You may need to include a dependency on a specific version of the CDP using something similar to `org.seleniumhq.selenium:selenium-devtools-v86:4.21.0` where the version ("v86") matches the version of the chromium-based browser you're using and the version number of the artifact is the same as Selenium's.
]]></system-err>
  </testcase>
  <testcase name="Valid XPATH locator" classname="RTCtek - Demonstrate failing locators across strategies" time="5.978">
    <system-out><![CDATA[
@rtctek @good_xpath
Scenario: Valid XPATH locator                                                    # src/test/resources/features/rtctek_locators.feature:81
🔧 Creating WebDriver - Browser: chrome, Grid: false, Headless: true
🔧 RTC WebDriver wrapper initialized with automatic healing
  Given I open the RTCtek homepage                                               # com.example.steps.LocatorSteps.i_open_the_rtctek_homepage()
✅ Successfully located: xpath = //h2[contains(text(),'Services')]
🔧 Element found: h2
  When I try to locate by "xpath" with value "//h2[contains(text(),'Services')]" # com.example.steps.LocatorSteps.i_try_to_locate_by_with_value(java.lang.String,java.lang.String)
  Then the element should be found successfully                                  # com.example.steps.LocatorSteps.the_element_should_be_found_successfully()
🔧 Browser closed after test scenario
]]></system-out>
    <system-err><![CDATA[Sep 11, 2025 3:55:08 PM org.openqa.selenium.devtools.CdpVersionFinder findNearestMatch
WARNING: Unable to find CDP implementation matching 140
Sep 11, 2025 3:55:08 PM org.openqa.selenium.chromium.ChromiumDriver lambda$new$5
WARNING: Unable to find version of CDP to use for 140.0.7339.81. You may need to include a dependency on a specific version of the CDP using something similar to `org.seleniumhq.selenium:selenium-devtools-v86:4.21.0` where the version ("v86") matches the version of the chromium-based browser you're using and the version number of the artifact is the same as Selenium's.
]]></system-err>
  </testcase>
  <testcase name="Valid LINKTEXT locator" classname="RTCtek - Demonstrate failing locators across strategies" time="5.362">
    <system-out><![CDATA[
@rtctek @good_linktext
Scenario: Valid LINKTEXT locator                             # src/test/resources/features/rtctek_locators.feature:86
🔧 Creating WebDriver - Browser: chrome, Grid: false, Headless: true
🔧 RTC WebDriver wrapper initialized with automatic healing
  Given I open the RTCtek homepage                           # com.example.steps.LocatorSteps.i_open_the_rtctek_homepage()
✅ Successfully located: linkText = Contact Us
🔧 Element found: a
  When I try to locate by "linkText" with value "Contact Us" # com.example.steps.LocatorSteps.i_try_to_locate_by_with_value(java.lang.String,java.lang.String)
  Then the element should be found successfully              # com.example.steps.LocatorSteps.the_element_should_be_found_successfully()
🔧 Browser closed after test scenario
]]></system-out>
    <system-err><![CDATA[Sep 11, 2025 3:55:13 PM org.openqa.selenium.devtools.CdpVersionFinder findNearestMatch
WARNING: Unable to find CDP implementation matching 140
Sep 11, 2025 3:55:13 PM org.openqa.selenium.chromium.ChromiumDriver lambda$new$5
WARNING: Unable to find version of CDP to use for 140.0.7339.81. You may need to include a dependency on a specific version of the CDP using something similar to `org.seleniumhq.selenium:selenium-devtools-v86:4.21.0` where the version ("v86") matches the version of the chromium-based browser you're using and the version number of the artifact is the same as Selenium's.
]]></system-err>
  </testcase>
</testsuite>